<?xml version="1.0" encoding="UTF-8"?>
<testsuite xmlns:xsi="http://www.w3.org/2001/XMLSchema-instance" xsi:noNamespaceSchemaLocation="https://maven.apache.org/surefire/maven-surefire-plugin/xsd/surefire-test-report.xsd" version="3.0.2" name="com.apptrove.ledgerlyBackend.LedgerlyBackendApplicationTests" time="12.129" tests="1" errors="0" skipped="0" failures="0">
  <properties>
    <property name="java.specification.version" value="17"/>
    <property name="sun.jnu.encoding" value="UTF-8"/>
    <property name="java.class.path" value="/home/credentek/All_Java_WS/Practice_WS/DemoSpringProj/target/test-classes:/home/credentek/All_Java_WS/Practice_WS/DemoSpringProj/target/classes:/home/credentek/.m2/repository/org/springframework/boot/spring-boot-starter/3.4.1/spring-boot-starter-3.4.1.jar:/home/credentek/.m2/repository/org/springframework/boot/spring-boot/3.4.1/spring-boot-3.4.1.jar:/home/credentek/.m2/repository/org/springframework/spring-context/6.2.1/spring-context-6.2.1.jar:/home/credentek/.m2/repository/org/springframework/boot/spring-boot-autoconfigure/3.4.1/spring-boot-autoconfigure-3.4.1.jar:/home/credentek/.m2/repository/jakarta/annotation/jakarta.annotation-api/2.1.1/jakarta.annotation-api-2.1.1.jar:/home/credentek/.m2/repository/org/springframework/spring-core/6.2.1/spring-core-6.2.1.jar:/home/credentek/.m2/repository/org/springframework/spring-jcl/6.2.1/spring-jcl-6.2.1.jar:/home/credentek/.m2/repository/org/yaml/snakeyaml/2.3/snakeyaml-2.3.jar:/home/credentek/.m2/repository/org/springframework/boot/spring-boot-starter-data-jpa/3.4.1/spring-boot-starter-data-jpa-3.4.1.jar:/home/credentek/.m2/repository/org/springframework/boot/spring-boot-starter-jdbc/3.4.1/spring-boot-starter-jdbc-3.4.1.jar:/home/credentek/.m2/repository/com/zaxxer/HikariCP/5.1.0/HikariCP-5.1.0.jar:/home/credentek/.m2/repository/org/springframework/spring-jdbc/6.2.1/spring-jdbc-6.2.1.jar:/home/credentek/.m2/repository/org/hibernate/orm/hibernate-core/6.6.4.Final/hibernate-core-6.6.4.Final.jar:/home/credentek/.m2/repository/jakarta/persistence/jakarta.persistence-api/3.1.0/jakarta.persistence-api-3.1.0.jar:/home/credentek/.m2/repository/jakarta/transaction/jakarta.transaction-api/2.0.1/jakarta.transaction-api-2.0.1.jar:/home/credentek/.m2/repository/org/jboss/logging/jboss-logging/3.6.1.Final/jboss-logging-3.6.1.Final.jar:/home/credentek/.m2/repository/org/hibernate/common/hibernate-commons-annotations/7.0.3.Final/hibernate-commons-annotations-7.0.3.Final.jar:/home/credentek/.m2/repository/io/smallrye/jandex/3.2.0/jandex-3.2.0.jar:/home/credentek/.m2/repository/com/fasterxml/classmate/1.7.0/classmate-1.7.0.jar:/home/credentek/.m2/repository/net/bytebuddy/byte-buddy/1.15.11/byte-buddy-1.15.11.jar:/home/credentek/.m2/repository/org/glassfish/jaxb/jaxb-runtime/4.0.5/jaxb-runtime-4.0.5.jar:/home/credentek/.m2/repository/org/glassfish/jaxb/jaxb-core/4.0.5/jaxb-core-4.0.5.jar:/home/credentek/.m2/repository/org/eclipse/angus/angus-activation/2.0.2/angus-activation-2.0.2.jar:/home/credentek/.m2/repository/org/glassfish/jaxb/txw2/4.0.5/txw2-4.0.5.jar:/home/credentek/.m2/repository/com/sun/istack/istack-commons-runtime/4.1.2/istack-commons-runtime-4.1.2.jar:/home/credentek/.m2/repository/jakarta/inject/jakarta.inject-api/2.0.1/jakarta.inject-api-2.0.1.jar:/home/credentek/.m2/repository/org/antlr/antlr4-runtime/4.13.0/antlr4-runtime-4.13.0.jar:/home/credentek/.m2/repository/org/springframework/data/spring-data-jpa/3.4.1/spring-data-jpa-3.4.1.jar:/home/credentek/.m2/repository/org/springframework/data/spring-data-commons/3.4.1/spring-data-commons-3.4.1.jar:/home/credentek/.m2/repository/org/springframework/spring-orm/6.2.1/spring-orm-6.2.1.jar:/home/credentek/.m2/repository/org/springframework/spring-tx/6.2.1/spring-tx-6.2.1.jar:/home/credentek/.m2/repository/org/springframework/spring-beans/6.2.1/spring-beans-6.2.1.jar:/home/credentek/.m2/repository/org/slf4j/slf4j-api/2.0.16/slf4j-api-2.0.16.jar:/home/credentek/.m2/repository/org/springframework/spring-aspects/6.2.1/spring-aspects-6.2.1.jar:/home/credentek/.m2/repository/org/aspectj/aspectjweaver/1.9.22.1/aspectjweaver-1.9.22.1.jar:/home/credentek/.m2/repository/org/springframework/boot/spring-boot-starter-data-rest/3.4.1/spring-boot-starter-data-rest-3.4.1.jar:/home/credentek/.m2/repository/org/springframework/data/spring-data-rest-webmvc/4.4.1/spring-data-rest-webmvc-4.4.1.jar:/home/credentek/.m2/repository/org/springframework/data/spring-data-rest-core/4.4.1/spring-data-rest-core-4.4.1.jar:/home/credentek/.m2/repository/org/springframework/hateoas/spring-hateoas/2.4.1/spring-hateoas-2.4.1.jar:/home/credentek/.m2/repository/org/springframework/plugin/spring-plugin-core/3.0.0/spring-plugin-core-3.0.0.jar:/home/credentek/.m2/repository/org/atteo/evo-inflector/1.3/evo-inflector-1.3.jar:/home/credentek/.m2/repository/com/fasterxml/jackson/core/jackson-annotations/2.18.2/jackson-annotations-2.18.2.jar:/home/credentek/.m2/repository/org/springframework/boot/spring-boot-starter-validation/3.4.1/spring-boot-starter-validation-3.4.1.jar:/home/credentek/.m2/repository/org/apache/tomcat/embed/tomcat-embed-el/10.1.34/tomcat-embed-el-10.1.34.jar:/home/credentek/.m2/repository/org/hibernate/validator/hibernate-validator/8.0.2.Final/hibernate-validator-8.0.2.Final.jar:/home/credentek/.m2/repository/jakarta/validation/jakarta.validation-api/3.0.2/jakarta.validation-api-3.0.2.jar:/home/credentek/.m2/repository/org/springframework/boot/spring-boot-starter-web/3.4.1/spring-boot-starter-web-3.4.1.jar:/home/credentek/.m2/repository/org/springframework/boot/spring-boot-starter-json/3.4.1/spring-boot-starter-json-3.4.1.jar:/home/credentek/.m2/repository/com/fasterxml/jackson/datatype/jackson-datatype-jdk8/2.18.2/jackson-datatype-jdk8-2.18.2.jar:/home/credentek/.m2/repository/com/fasterxml/jackson/datatype/jackson-datatype-jsr310/2.18.2/jackson-datatype-jsr310-2.18.2.jar:/home/credentek/.m2/repository/com/fasterxml/jackson/module/jackson-module-parameter-names/2.18.2/jackson-module-parameter-names-2.18.2.jar:/home/credentek/.m2/repository/org/springframework/boot/spring-boot-starter-tomcat/3.4.1/spring-boot-starter-tomcat-3.4.1.jar:/home/credentek/.m2/repository/org/apache/tomcat/embed/tomcat-embed-core/10.1.34/tomcat-embed-core-10.1.34.jar:/home/credentek/.m2/repository/org/apache/tomcat/embed/tomcat-embed-websocket/10.1.34/tomcat-embed-websocket-10.1.34.jar:/home/credentek/.m2/repository/org/springframework/spring-web/6.2.1/spring-web-6.2.1.jar:/home/credentek/.m2/repository/io/micrometer/micrometer-observation/1.14.2/micrometer-observation-1.14.2.jar:/home/credentek/.m2/repository/io/micrometer/micrometer-commons/1.14.2/micrometer-commons-1.14.2.jar:/home/credentek/.m2/repository/org/springframework/spring-webmvc/6.2.1/spring-webmvc-6.2.1.jar:/home/credentek/.m2/repository/org/springframework/spring-expression/6.2.1/spring-expression-6.2.1.jar:/home/credentek/.m2/repository/org/springframework/boot/spring-boot-devtools/3.4.1/spring-boot-devtools-3.4.1.jar:/home/credentek/.m2/repository/com/mysql/mysql-connector-j/9.1.0/mysql-connector-j-9.1.0.jar:/home/credentek/.m2/repository/org/springframework/boot/spring-boot-configuration-processor/3.4.1/spring-boot-configuration-processor-3.4.1.jar:/home/credentek/.m2/repository/org/projectlombok/lombok/1.18.36/lombok-1.18.36.jar:/home/credentek/.m2/repository/org/springframework/boot/spring-boot-starter-test/3.4.1/spring-boot-starter-test-3.4.1.jar:/home/credentek/.m2/repository/org/springframework/boot/spring-boot-test/3.4.1/spring-boot-test-3.4.1.jar:/home/credentek/.m2/repository/org/springframework/boot/spring-boot-test-autoconfigure/3.4.1/spring-boot-test-autoconfigure-3.4.1.jar:/home/credentek/.m2/repository/com/jayway/jsonpath/json-path/2.9.0/json-path-2.9.0.jar:/home/credentek/.m2/repository/jakarta/xml/bind/jakarta.xml.bind-api/4.0.2/jakarta.xml.bind-api-4.0.2.jar:/home/credentek/.m2/repository/jakarta/activation/jakarta.activation-api/2.1.3/jakarta.activation-api-2.1.3.jar:/home/credentek/.m2/repository/net/minidev/json-smart/2.5.1/json-smart-2.5.1.jar:/home/credentek/.m2/repository/net/minidev/accessors-smart/2.5.1/accessors-smart-2.5.1.jar:/home/credentek/.m2/repository/org/ow2/asm/asm/9.6/asm-9.6.jar:/home/credentek/.m2/repository/org/assertj/assertj-core/3.26.3/assertj-core-3.26.3.jar:/home/credentek/.m2/repository/org/awaitility/awaitility/4.2.2/awaitility-4.2.2.jar:/home/credentek/.m2/repository/org/hamcrest/hamcrest/2.2/hamcrest-2.2.jar:/home/credentek/.m2/repository/org/junit/jupiter/junit-jupiter/5.11.4/junit-jupiter-5.11.4.jar:/home/credentek/.m2/repository/org/junit/jupiter/junit-jupiter-api/5.11.4/junit-jupiter-api-5.11.4.jar:/home/credentek/.m2/repository/org/opentest4j/opentest4j/1.3.0/opentest4j-1.3.0.jar:/home/credentek/.m2/repository/org/junit/platform/junit-platform-commons/1.11.4/junit-platform-commons-1.11.4.jar:/home/credentek/.m2/repository/org/apiguardian/apiguardian-api/1.1.2/apiguardian-api-1.1.2.jar:/home/credentek/.m2/repository/org/junit/jupiter/junit-jupiter-params/5.11.4/junit-jupiter-params-5.11.4.jar:/home/credentek/.m2/repository/org/junit/jupiter/junit-jupiter-engine/5.11.4/junit-jupiter-engine-5.11.4.jar:/home/credentek/.m2/repository/org/junit/platform/junit-platform-engine/1.11.4/junit-platform-engine-1.11.4.jar:/home/credentek/.m2/repository/org/mockito/mockito-core/5.14.2/mockito-core-5.14.2.jar:/home/credentek/.m2/repository/net/bytebuddy/byte-buddy-agent/1.15.11/byte-buddy-agent-1.15.11.jar:/home/credentek/.m2/repository/org/objenesis/objenesis/3.3/objenesis-3.3.jar:/home/credentek/.m2/repository/org/mockito/mockito-junit-jupiter/5.14.2/mockito-junit-jupiter-5.14.2.jar:/home/credentek/.m2/repository/org/skyscreamer/jsonassert/1.5.3/jsonassert-1.5.3.jar:/home/credentek/.m2/repository/com/vaadin/external/google/android-json/0.0.20131108.vaadin1/android-json-0.0.20131108.vaadin1.jar:/home/credentek/.m2/repository/org/springframework/spring-test/6.2.1/spring-test-6.2.1.jar:/home/credentek/.m2/repository/org/xmlunit/xmlunit-core/2.10.0/xmlunit-core-2.10.0.jar:/home/credentek/.m2/repository/org/apache/logging/log4j/log4j-api/2.24.3/log4j-api-2.24.3.jar:/home/credentek/.m2/repository/org/apache/logging/log4j/log4j-core/2.24.3/log4j-core-2.24.3.jar:/home/credentek/.m2/repository/org/springframework/boot/spring-boot-starter-security/3.4.1/spring-boot-starter-security-3.4.1.jar:/home/credentek/.m2/repository/org/springframework/spring-aop/6.2.1/spring-aop-6.2.1.jar:/home/credentek/.m2/repository/org/springframework/security/spring-security-config/6.4.2/spring-security-config-6.4.2.jar:/home/credentek/.m2/repository/org/springframework/security/spring-security-web/6.4.2/spring-security-web-6.4.2.jar:/home/credentek/.m2/repository/org/springframework/security/spring-security-oauth2-jose/6.4.2/spring-security-oauth2-jose-6.4.2.jar:/home/credentek/.m2/repository/org/springframework/security/spring-security-core/6.4.2/spring-security-core-6.4.2.jar:/home/credentek/.m2/repository/org/springframework/security/spring-security-crypto/6.4.2/spring-security-crypto-6.4.2.jar:/home/credentek/.m2/repository/org/springframework/security/spring-security-oauth2-core/6.4.2/spring-security-oauth2-core-6.4.2.jar:/home/credentek/.m2/repository/com/nimbusds/nimbus-jose-jwt/9.37.3/nimbus-jose-jwt-9.37.3.jar:/home/credentek/.m2/repository/com/github/stephenc/jcip/jcip-annotations/1.0-1/jcip-annotations-1.0-1.jar:/home/credentek/.m2/repository/io/jsonwebtoken/jjwt-api/0.12.6/jjwt-api-0.12.6.jar:/home/credentek/.m2/repository/io/jsonwebtoken/jjwt-impl/0.12.6/jjwt-impl-0.12.6.jar:/home/credentek/.m2/repository/io/jsonwebtoken/jjwt-jackson/0.12.6/jjwt-jackson-0.12.6.jar:/home/credentek/.m2/repository/com/fasterxml/jackson/core/jackson-databind/2.18.2/jackson-databind-2.18.2.jar:/home/credentek/.m2/repository/com/fasterxml/jackson/core/jackson-core/2.18.2/jackson-core-2.18.2.jar:"/>
    <property name="java.vm.vendor" value="Ubuntu"/>
    <property name="sun.arch.data.model" value="64"/>
    <property name="java.vendor.url" value="https://ubuntu.com/"/>
    <property name="user.timezone" value="Asia/Kolkata"/>
    <property name="os.name" value="Linux"/>
    <property name="java.vm.specification.version" value="17"/>
    <property name="APPLICATION_NAME" value="ledgerlyBackend"/>
    <property name="sun.java.launcher" value="SUN_STANDARD"/>
    <property name="user.country" value="IN"/>
    <property name="sun.boot.library.path" value="/usr/lib/jvm/java-17-openjdk-amd64/lib"/>
    <property name="sun.java.command" value="/home/credentek/All_Java_WS/Practice_WS/DemoSpringProj/target/surefire/surefirebooter-20250128114108304_3.jar /home/credentek/All_Java_WS/Practice_WS/DemoSpringProj/target/surefire 2025-01-28T11-41-08_096-jvmRun1 surefire-20250128114108304_1tmp surefire_0-20250128114108304_2tmp"/>
    <property name="jdk.debug" value="release"/>
    <property name="surefire.test.class.path" value="/home/credentek/All_Java_WS/Practice_WS/DemoSpringProj/target/test-classes:/home/credentek/All_Java_WS/Practice_WS/DemoSpringProj/target/classes:/home/credentek/.m2/repository/org/springframework/boot/spring-boot-starter/3.4.1/spring-boot-starter-3.4.1.jar:/home/credentek/.m2/repository/org/springframework/boot/spring-boot/3.4.1/spring-boot-3.4.1.jar:/home/credentek/.m2/repository/org/springframework/spring-context/6.2.1/spring-context-6.2.1.jar:/home/credentek/.m2/repository/org/springframework/boot/spring-boot-autoconfigure/3.4.1/spring-boot-autoconfigure-3.4.1.jar:/home/credentek/.m2/repository/jakarta/annotation/jakarta.annotation-api/2.1.1/jakarta.annotation-api-2.1.1.jar:/home/credentek/.m2/repository/org/springframework/spring-core/6.2.1/spring-core-6.2.1.jar:/home/credentek/.m2/repository/org/springframework/spring-jcl/6.2.1/spring-jcl-6.2.1.jar:/home/credentek/.m2/repository/org/yaml/snakeyaml/2.3/snakeyaml-2.3.jar:/home/credentek/.m2/repository/org/springframework/boot/spring-boot-starter-data-jpa/3.4.1/spring-boot-starter-data-jpa-3.4.1.jar:/home/credentek/.m2/repository/org/springframework/boot/spring-boot-starter-jdbc/3.4.1/spring-boot-starter-jdbc-3.4.1.jar:/home/credentek/.m2/repository/com/zaxxer/HikariCP/5.1.0/HikariCP-5.1.0.jar:/home/credentek/.m2/repository/org/springframework/spring-jdbc/6.2.1/spring-jdbc-6.2.1.jar:/home/credentek/.m2/repository/org/hibernate/orm/hibernate-core/6.6.4.Final/hibernate-core-6.6.4.Final.jar:/home/credentek/.m2/repository/jakarta/persistence/jakarta.persistence-api/3.1.0/jakarta.persistence-api-3.1.0.jar:/home/credentek/.m2/repository/jakarta/transaction/jakarta.transaction-api/2.0.1/jakarta.transaction-api-2.0.1.jar:/home/credentek/.m2/repository/org/jboss/logging/jboss-logging/3.6.1.Final/jboss-logging-3.6.1.Final.jar:/home/credentek/.m2/repository/org/hibernate/common/hibernate-commons-annotations/7.0.3.Final/hibernate-commons-annotations-7.0.3.Final.jar:/home/credentek/.m2/repository/io/smallrye/jandex/3.2.0/jandex-3.2.0.jar:/home/credentek/.m2/repository/com/fasterxml/classmate/1.7.0/classmate-1.7.0.jar:/home/credentek/.m2/repository/net/bytebuddy/byte-buddy/1.15.11/byte-buddy-1.15.11.jar:/home/credentek/.m2/repository/org/glassfish/jaxb/jaxb-runtime/4.0.5/jaxb-runtime-4.0.5.jar:/home/credentek/.m2/repository/org/glassfish/jaxb/jaxb-core/4.0.5/jaxb-core-4.0.5.jar:/home/credentek/.m2/repository/org/eclipse/angus/angus-activation/2.0.2/angus-activation-2.0.2.jar:/home/credentek/.m2/repository/org/glassfish/jaxb/txw2/4.0.5/txw2-4.0.5.jar:/home/credentek/.m2/repository/com/sun/istack/istack-commons-runtime/4.1.2/istack-commons-runtime-4.1.2.jar:/home/credentek/.m2/repository/jakarta/inject/jakarta.inject-api/2.0.1/jakarta.inject-api-2.0.1.jar:/home/credentek/.m2/repository/org/antlr/antlr4-runtime/4.13.0/antlr4-runtime-4.13.0.jar:/home/credentek/.m2/repository/org/springframework/data/spring-data-jpa/3.4.1/spring-data-jpa-3.4.1.jar:/home/credentek/.m2/repository/org/springframework/data/spring-data-commons/3.4.1/spring-data-commons-3.4.1.jar:/home/credentek/.m2/repository/org/springframework/spring-orm/6.2.1/spring-orm-6.2.1.jar:/home/credentek/.m2/repository/org/springframework/spring-tx/6.2.1/spring-tx-6.2.1.jar:/home/credentek/.m2/repository/org/springframework/spring-beans/6.2.1/spring-beans-6.2.1.jar:/home/credentek/.m2/repository/org/slf4j/slf4j-api/2.0.16/slf4j-api-2.0.16.jar:/home/credentek/.m2/repository/org/springframework/spring-aspects/6.2.1/spring-aspects-6.2.1.jar:/home/credentek/.m2/repository/org/aspectj/aspectjweaver/1.9.22.1/aspectjweaver-1.9.22.1.jar:/home/credentek/.m2/repository/org/springframework/boot/spring-boot-starter-data-rest/3.4.1/spring-boot-starter-data-rest-3.4.1.jar:/home/credentek/.m2/repository/org/springframework/data/spring-data-rest-webmvc/4.4.1/spring-data-rest-webmvc-4.4.1.jar:/home/credentek/.m2/repository/org/springframework/data/spring-data-rest-core/4.4.1/spring-data-rest-core-4.4.1.jar:/home/credentek/.m2/repository/org/springframework/hateoas/spring-hateoas/2.4.1/spring-hateoas-2.4.1.jar:/home/credentek/.m2/repository/org/springframework/plugin/spring-plugin-core/3.0.0/spring-plugin-core-3.0.0.jar:/home/credentek/.m2/repository/org/atteo/evo-inflector/1.3/evo-inflector-1.3.jar:/home/credentek/.m2/repository/com/fasterxml/jackson/core/jackson-annotations/2.18.2/jackson-annotations-2.18.2.jar:/home/credentek/.m2/repository/org/springframework/boot/spring-boot-starter-validation/3.4.1/spring-boot-starter-validation-3.4.1.jar:/home/credentek/.m2/repository/org/apache/tomcat/embed/tomcat-embed-el/10.1.34/tomcat-embed-el-10.1.34.jar:/home/credentek/.m2/repository/org/hibernate/validator/hibernate-validator/8.0.2.Final/hibernate-validator-8.0.2.Final.jar:/home/credentek/.m2/repository/jakarta/validation/jakarta.validation-api/3.0.2/jakarta.validation-api-3.0.2.jar:/home/credentek/.m2/repository/org/springframework/boot/spring-boot-starter-web/3.4.1/spring-boot-starter-web-3.4.1.jar:/home/credentek/.m2/repository/org/springframework/boot/spring-boot-starter-json/3.4.1/spring-boot-starter-json-3.4.1.jar:/home/credentek/.m2/repository/com/fasterxml/jackson/datatype/jackson-datatype-jdk8/2.18.2/jackson-datatype-jdk8-2.18.2.jar:/home/credentek/.m2/repository/com/fasterxml/jackson/datatype/jackson-datatype-jsr310/2.18.2/jackson-datatype-jsr310-2.18.2.jar:/home/credentek/.m2/repository/com/fasterxml/jackson/module/jackson-module-parameter-names/2.18.2/jackson-module-parameter-names-2.18.2.jar:/home/credentek/.m2/repository/org/springframework/boot/spring-boot-starter-tomcat/3.4.1/spring-boot-starter-tomcat-3.4.1.jar:/home/credentek/.m2/repository/org/apache/tomcat/embed/tomcat-embed-core/10.1.34/tomcat-embed-core-10.1.34.jar:/home/credentek/.m2/repository/org/apache/tomcat/embed/tomcat-embed-websocket/10.1.34/tomcat-embed-websocket-10.1.34.jar:/home/credentek/.m2/repository/org/springframework/spring-web/6.2.1/spring-web-6.2.1.jar:/home/credentek/.m2/repository/io/micrometer/micrometer-observation/1.14.2/micrometer-observation-1.14.2.jar:/home/credentek/.m2/repository/io/micrometer/micrometer-commons/1.14.2/micrometer-commons-1.14.2.jar:/home/credentek/.m2/repository/org/springframework/spring-webmvc/6.2.1/spring-webmvc-6.2.1.jar:/home/credentek/.m2/repository/org/springframework/spring-expression/6.2.1/spring-expression-6.2.1.jar:/home/credentek/.m2/repository/org/springframework/boot/spring-boot-devtools/3.4.1/spring-boot-devtools-3.4.1.jar:/home/credentek/.m2/repository/com/mysql/mysql-connector-j/9.1.0/mysql-connector-j-9.1.0.jar:/home/credentek/.m2/repository/org/springframework/boot/spring-boot-configuration-processor/3.4.1/spring-boot-configuration-processor-3.4.1.jar:/home/credentek/.m2/repository/org/projectlombok/lombok/1.18.36/lombok-1.18.36.jar:/home/credentek/.m2/repository/org/springframework/boot/spring-boot-starter-test/3.4.1/spring-boot-starter-test-3.4.1.jar:/home/credentek/.m2/repository/org/springframework/boot/spring-boot-test/3.4.1/spring-boot-test-3.4.1.jar:/home/credentek/.m2/repository/org/springframework/boot/spring-boot-test-autoconfigure/3.4.1/spring-boot-test-autoconfigure-3.4.1.jar:/home/credentek/.m2/repository/com/jayway/jsonpath/json-path/2.9.0/json-path-2.9.0.jar:/home/credentek/.m2/repository/jakarta/xml/bind/jakarta.xml.bind-api/4.0.2/jakarta.xml.bind-api-4.0.2.jar:/home/credentek/.m2/repository/jakarta/activation/jakarta.activation-api/2.1.3/jakarta.activation-api-2.1.3.jar:/home/credentek/.m2/repository/net/minidev/json-smart/2.5.1/json-smart-2.5.1.jar:/home/credentek/.m2/repository/net/minidev/accessors-smart/2.5.1/accessors-smart-2.5.1.jar:/home/credentek/.m2/repository/org/ow2/asm/asm/9.6/asm-9.6.jar:/home/credentek/.m2/repository/org/assertj/assertj-core/3.26.3/assertj-core-3.26.3.jar:/home/credentek/.m2/repository/org/awaitility/awaitility/4.2.2/awaitility-4.2.2.jar:/home/credentek/.m2/repository/org/hamcrest/hamcrest/2.2/hamcrest-2.2.jar:/home/credentek/.m2/repository/org/junit/jupiter/junit-jupiter/5.11.4/junit-jupiter-5.11.4.jar:/home/credentek/.m2/repository/org/junit/jupiter/junit-jupiter-api/5.11.4/junit-jupiter-api-5.11.4.jar:/home/credentek/.m2/repository/org/opentest4j/opentest4j/1.3.0/opentest4j-1.3.0.jar:/home/credentek/.m2/repository/org/junit/platform/junit-platform-commons/1.11.4/junit-platform-commons-1.11.4.jar:/home/credentek/.m2/repository/org/apiguardian/apiguardian-api/1.1.2/apiguardian-api-1.1.2.jar:/home/credentek/.m2/repository/org/junit/jupiter/junit-jupiter-params/5.11.4/junit-jupiter-params-5.11.4.jar:/home/credentek/.m2/repository/org/junit/jupiter/junit-jupiter-engine/5.11.4/junit-jupiter-engine-5.11.4.jar:/home/credentek/.m2/repository/org/junit/platform/junit-platform-engine/1.11.4/junit-platform-engine-1.11.4.jar:/home/credentek/.m2/repository/org/mockito/mockito-core/5.14.2/mockito-core-5.14.2.jar:/home/credentek/.m2/repository/net/bytebuddy/byte-buddy-agent/1.15.11/byte-buddy-agent-1.15.11.jar:/home/credentek/.m2/repository/org/objenesis/objenesis/3.3/objenesis-3.3.jar:/home/credentek/.m2/repository/org/mockito/mockito-junit-jupiter/5.14.2/mockito-junit-jupiter-5.14.2.jar:/home/credentek/.m2/repository/org/skyscreamer/jsonassert/1.5.3/jsonassert-1.5.3.jar:/home/credentek/.m2/repository/com/vaadin/external/google/android-json/0.0.20131108.vaadin1/android-json-0.0.20131108.vaadin1.jar:/home/credentek/.m2/repository/org/springframework/spring-test/6.2.1/spring-test-6.2.1.jar:/home/credentek/.m2/repository/org/xmlunit/xmlunit-core/2.10.0/xmlunit-core-2.10.0.jar:/home/credentek/.m2/repository/org/apache/logging/log4j/log4j-api/2.24.3/log4j-api-2.24.3.jar:/home/credentek/.m2/repository/org/apache/logging/log4j/log4j-core/2.24.3/log4j-core-2.24.3.jar:/home/credentek/.m2/repository/org/springframework/boot/spring-boot-starter-security/3.4.1/spring-boot-starter-security-3.4.1.jar:/home/credentek/.m2/repository/org/springframework/spring-aop/6.2.1/spring-aop-6.2.1.jar:/home/credentek/.m2/repository/org/springframework/security/spring-security-config/6.4.2/spring-security-config-6.4.2.jar:/home/credentek/.m2/repository/org/springframework/security/spring-security-web/6.4.2/spring-security-web-6.4.2.jar:/home/credentek/.m2/repository/org/springframework/security/spring-security-oauth2-jose/6.4.2/spring-security-oauth2-jose-6.4.2.jar:/home/credentek/.m2/repository/org/springframework/security/spring-security-core/6.4.2/spring-security-core-6.4.2.jar:/home/credentek/.m2/repository/org/springframework/security/spring-security-crypto/6.4.2/spring-security-crypto-6.4.2.jar:/home/credentek/.m2/repository/org/springframework/security/spring-security-oauth2-core/6.4.2/spring-security-oauth2-core-6.4.2.jar:/home/credentek/.m2/repository/com/nimbusds/nimbus-jose-jwt/9.37.3/nimbus-jose-jwt-9.37.3.jar:/home/credentek/.m2/repository/com/github/stephenc/jcip/jcip-annotations/1.0-1/jcip-annotations-1.0-1.jar:/home/credentek/.m2/repository/io/jsonwebtoken/jjwt-api/0.12.6/jjwt-api-0.12.6.jar:/home/credentek/.m2/repository/io/jsonwebtoken/jjwt-impl/0.12.6/jjwt-impl-0.12.6.jar:/home/credentek/.m2/repository/io/jsonwebtoken/jjwt-jackson/0.12.6/jjwt-jackson-0.12.6.jar:/home/credentek/.m2/repository/com/fasterxml/jackson/core/jackson-databind/2.18.2/jackson-databind-2.18.2.jar:/home/credentek/.m2/repository/com/fasterxml/jackson/core/jackson-core/2.18.2/jackson-core-2.18.2.jar:"/>
    <property name="sun.cpu.endian" value="little"/>
    <property name="user.home" value="/home/credentek"/>
    <property name="user.language" value="en"/>
    <property name="java.specification.vendor" value="Oracle Corporation"/>
    <property name="java.version.date" value="2024-10-15"/>
    <property name="java.home" value="/usr/lib/jvm/java-17-openjdk-amd64"/>
    <property name="file.separator" value="/"/>
    <property name="style.color" value="always"/>
    <property name="basedir" value="/home/credentek/All_Java_WS/Practice_WS/DemoSpringProj"/>
    <property name="java.vm.compressedOopsMode" value="Zero based"/>
    <property name="line.separator" value="&#10;"/>
    <property name="java.specification.name" value="Java Platform API Specification"/>
    <property name="java.vm.specification.vendor" value="Oracle Corporation"/>
    <property name="FILE_LOG_CHARSET" value="UTF-8"/>
    <property name="java.awt.headless" value="true"/>
    <property name="surefire.real.class.path" value="/home/credentek/All_Java_WS/Practice_WS/DemoSpringProj/target/surefire/surefirebooter-20250128114108304_3.jar"/>
    <property name="sun.management.compiler" value="HotSpot 64-Bit Tiered Compilers"/>
    <property name="java.runtime.version" value="17.0.13+11-Ubuntu-2ubuntu120.04"/>
    <property name="user.name" value="credentek"/>
    <property name="path.separator" value=":"/>
    <property name="os.version" value="5.15.0-130-generic"/>
    <property name="java.runtime.name" value="OpenJDK Runtime Environment"/>
    <property name="file.encoding" value="UTF-8"/>
    <property name="java.vm.name" value="OpenJDK 64-Bit Server VM"/>
    <property name="localRepository" value="/home/credentek/.m2/repository"/>
    <property name="java.vendor.url.bug" value="https://bugs.launchpad.net/ubuntu/+source/openjdk-17"/>
    <property name="java.io.tmpdir" value="/tmp"/>
    <property name="com.zaxxer.hikari.pool_number" value="1"/>
    <property name="java.version" value="17.0.13"/>
    <property name="user.dir" value="/home/credentek/All_Java_WS/Practice_WS/DemoSpringProj"/>
    <property name="os.arch" value="amd64"/>
    <property name="java.vm.specification.name" value="Java Virtual Machine Specification"/>
    <property name="PID" value="11696"/>
    <property name="CONSOLE_LOG_CHARSET" value="UTF-8"/>
    <property name="native.encoding" value="UTF-8"/>
    <property name="java.library.path" value="/usr/java/packages/lib:/usr/lib/x86_64-linux-gnu/jni:/lib/x86_64-linux-gnu:/usr/lib/x86_64-linux-gnu:/usr/lib/jni:/lib:/usr/lib"/>
    <property name="java.vm.info" value="mixed mode, sharing"/>
    <property name="java.vendor" value="Ubuntu"/>
    <property name="java.vm.version" value="17.0.13+11-Ubuntu-2ubuntu120.04"/>
    <property name="java.specification.maintenance.version" value="1"/>
    <property name="sun.io.unicode.encoding" value="UnicodeLittle"/>
    <property name="java.class.version" value="61.0"/>
    <property name="LOGGED_APPLICATION_NAME" value="[ledgerlyBackend] "/>
  </properties>
  <testcase name="contextLoads" classname="com.apptrove.ledgerlyBackend.LedgerlyBackendApplicationTests" time="0.692">
    <system-out><![CDATA[2025-01-28 11:41:11 [background-preinit] INFO  Version.<clinit>:21 - HV000001: Hibernate Validator 8.0.2.Final

  .   ____          _            __ _ _
 /\\ / ___'_ __ _ _(_)_ __  __ _ \ \ \ \
( ( )\___ | '_ | '_| | '_ \/ _` | \ \ \ \
 \\/  ___)| |_)| | | | | || (_| |  ) ) ) )
  '  |____| .__|_| |_|_| |_\__, | / / / /
 =========|_|==============|___/=/_/_/_/

 :: Spring Boot ::                (v3.4.1)

2025-01-28 11:41:11 [main] INFO  LedgerlyBackendApplicationTests.logStarting:53 - Starting LedgerlyBackendApplicationTests using Java 17.0.13 with PID 11696 (started by credentek in /home/credentek/All_Java_WS/Practice_WS/DemoSpringProj)
2025-01-28 11:41:11 [main] INFO  LedgerlyBackendApplicationTests.logStartupProfileInfo:658 - The following 1 profile is active: "WORK"
2025-01-28 11:41:13 [main] INFO  RepositoryConfigurationDelegate.registerRepositoriesIn:143 - Bootstrapping Spring Data JPA repositories in DEFAULT mode.
2025-01-28 11:41:13 [main] INFO  RepositoryConfigurationDelegate.registerRepositoriesIn:211 - Finished Spring Data repository scanning in 137 ms. Found 5 JPA repository interfaces.
2025-01-28 11:41:14 [main] INFO  LogHelper.logPersistenceUnitInformation:31 - HHH000204: Processing PersistenceUnitInfo [name: default]
2025-01-28 11:41:14 [main] INFO  Version.logVersion:44 - HHH000412: Hibernate ORM core version 6.6.4.Final
2025-01-28 11:41:14 [main] INFO  RegionFactoryInitiator.initiateService:50 - HHH000026: Second-level cache disabled
2025-01-28 11:41:15 [main] INFO  SpringPersistenceUnitInfo.addTransformer:87 - No LoadTimeWeaver setup: ignoring JPA class transformer
2025-01-28 11:41:15 [main] WARN  Dialect.checkVersion:354 - HHH000511: The 5.5.5 version for [org.hibernate.dialect.MySQLDialect] is no longer supported, hence certain features may not work properly. The minimum supported version is 8.0.0. Check the community dialects project for available legacy versions.
2025-01-28 11:41:15 [main] INFO  pooling.initiateService:157 - HHH10001005: Database info:
	Database JDBC URL [Connecting through datasource 'HikariDataSource (HikariPool-1)']
	Database driver: undefined/unknown
	Database version: 5.5.5
	Autocommit mode: undefined/unknown
	Isolation level: undefined/unknown
	Minimum pool size: undefined/unknown
	Maximum pool size: undefined/unknown
2025-01-28 11:41:17 [main] INFO  JtaPlatformInitiator.initiateService:59 - HHH000489: No JTA platform available (set 'hibernate.transaction.jta.platform' to enable JTA platform integration)
2025-01-28 11:41:17 [main] INFO  LocalContainerEntityManagerFactoryBean.buildNativeEntityManagerFactory:447 - Initialized JPA EntityManagerFactory for persistence unit 'default'
Jwt Secret generated: jODdYRNbzIq0495JA6ztRODJoj2fUMpW53rtPKRbiSJklSYMl7/sWvWqMkkLoJ0H+/wJDViEX7E91zO6MawCD85XOur0OqwtoEYfJ9IBr+T7kzEidMGRQabL41bqiIDSOE9VnqluBgkjfPPaRQhsC5l937PU4cCQSfCbrBDcsKszcNSWGY61UkW25ilqitAseyvvZltks1eephWS4/mzsQM9TRRkSVa6pAjOvJhbb1IW6OMdYehtQCkXsacIeDsu
2025-01-28 11:41:17 [main] WARN  JpaBaseConfiguration$JpaWebConfiguration.openEntityManagerInViewInterceptor:241 - spring.jpa.open-in-view is enabled by default. Therefore, database queries may be performed during view rendering. Explicitly configure spring.jpa.open-in-view to disable this warning
2025-01-28 11:41:18 [main] INFO  QueryEnhancerFactory.<clinit>:49 - Hibernate is in classpath; If applicable, HQL parser will be used.
2025-01-28 11:41:19 [main] INFO  InitializeUserDetailsBeanManagerConfigurer$InitializeUserDetailsManagerConfigurer.configure:114 - Global AuthenticationManager configured with UserDetailsService bean with name customUserDetailsService
2025-01-28 11:41:20 [main] INFO  LedgerlyBackendApplicationTests.logStarted:59 - Started LedgerlyBackendApplicationTests in 10.192 seconds (process running for 12.526)
]]></system-out>
    <system-err><![CDATA[SLF4J(W): No SLF4J providers were found.
SLF4J(W): Defaulting to no-operation (NOP) logger implementation
SLF4J(W): See https://www.slf4j.org/codes.html#noProviders for further details.
]]></system-err>
  </testcase>
</testsuite>